<?xml version="1.0" encoding="UTF-8"?>
<!-- Generated by org.testng.reporters.JUnitReportReporter -->
<testsuite hostname="LAPTOP-VOGEQ752" failures="0" tests="2" name="com.ecom.osa.practice.TestNGprac4" time="0.001" errors="0" timestamp="2023-01-10T16:08:35 IST" skipped="0">
  <testcase classname="com.ecom.osa.practice.TestNGprac4" name="script8" time="0.000"/>
  <system-out/>
  <testcase classname="com.ecom.osa.practice.TestNGprac4" name="script7" time="0.001"/>
  <system-out/>
</testsuite> <!-- com.ecom.osa.practice.TestNGprac4 -->
