<?xml version="1.0" encoding="UTF-8"?>
<!-- Generated by org.testng.reporters.JUnitReportReporter -->
<testsuite hostname="LAPTOP-VOGEQ752" failures="0" tests="21" name="com.ecom.osa.practice.TestngPractice" time="0.013" errors="0" timestamp="2023-01-09T15:11:09 IST" skipped="0">
  <testcase classname="com.ecom.osa.practice.TestngPractice" name="createCategory" time="0.004"/>
  <system-out/>
  <testcase classname="com.ecom.osa.practice.TestngPractice" name="createSubcategory" time="0.001"/>
  <system-out/>
  <testcase classname="com.ecom.osa.practice.TestngPractice" name="createSubcategory" time="0.001"/>
  <system-out/>
  <testcase classname="com.ecom.osa.practice.TestngPractice" name="insertProduct" time="0.000"/>
  <system-out/>
  <testcase classname="com.ecom.osa.practice.TestngPractice" name="insertProduct" time="0.000"/>
  <system-out/>
  <testcase classname="com.ecom.osa.practice.TestngPractice" name="insertProduct" time="0.000"/>
  <system-out/>
  <testcase classname="com.ecom.osa.practice.TestngPractice" name="insertProduct" time="0.001"/>
  <system-out/>
  <testcase classname="com.ecom.osa.practice.TestngPractice" name="insertProduct" time="0.001"/>
  <system-out/>
  <testcase classname="com.ecom.osa.practice.TestngPractice" name="insertProduct" time="0.000"/>
  <system-out/>
  <testcase classname="com.ecom.osa.practice.TestngPractice" name="insertProduct" time="0.001"/>
  <system-out/>
  <testcase classname="com.ecom.osa.practice.TestngPractice" name="insertProduct" time="0.001"/>
  <system-out/>
  <testcase classname="com.ecom.osa.practice.TestngPractice" name="insertProduct" time="0.001"/>
  <system-out/>
  <testcase classname="com.ecom.osa.practice.TestngPractice" name="insertProduct" time="0.001"/>
  <system-out/>
  <testcase classname="com.ecom.osa.practice.TestngPractice" name="insertProduct" time="0.000"/>
  <system-out/>
  <testcase classname="com.ecom.osa.practice.TestngPractice" name="insertProduct" time="0.001"/>
  <system-out/>
  <testcase classname="com.ecom.osa.practice.TestngPractice" name="manageProduct" time="0.000"/>
  <system-out/>
  <testcase classname="com.ecom.osa.practice.TestngPractice" name="manageProduct" time="0.000"/>
  <system-out/>
  <testcase classname="com.ecom.osa.practice.TestngPractice" name="manageProduct" time="0.000"/>
  <system-out/>
  <testcase classname="com.ecom.osa.practice.TestngPractice" name="purchaseProduct" time="0.000"/>
  <system-out/>
  <testcase classname="com.ecom.osa.practice.TestngPractice" name="purchaseProduct" time="0.000"/>
  <system-out/>
  <testcase classname="com.ecom.osa.practice.TestngPractice" name="manageOrder" time="0.000"/>
  <system-out/>
</testsuite> <!-- com.ecom.osa.practice.TestngPractice -->
